11:35:17.549 karate.env system property was:  
11:35:17.603 [print] ============ This is Background===============
11:35:18.049 request:
1 > GET https://reqres.in/api/users/2
1 > Accept: application/json
1 > Accept-Encoding: gzip,deflate
1 > Connection: Keep-Alive
1 > Host: reqres.in
1 > User-Agent: Apache-HttpClient/4.5.12 (Java/11.0.10)

11:35:18.395 response time in milliseconds: 342.10
1 < 200
1 < Access-Control-Allow-Origin: *
1 < Age: 3612
1 < CF-Cache-Status: HIT
1 < CF-RAY: 62041df94917e247-SIN
1 < Cache-Control: max-age=14400
1 < Connection: keep-alive
1 < Content-Type: application/json; charset=utf-8
1 < Date: Fri, 12 Feb 2021 06:05:17 GMT
1 < Etag: W/"118-pbdwwFo9SKNhD3Lx5iHJyngpq00"
1 < Expect-CT: max-age=604800, report-uri="https://report-uri.cloudflare.com/cdn-cgi/beacon/expect-ct"
1 < NEL: {"max_age":604800,"report_to":"cf-nel"}
1 < Report-To: {"endpoints":[{"url":"https:\/\/a.nel.cloudflare.com\/report?s=HN13YOOopmd8111X4d5XntXsZd%2BAlEOGtYIZSrEn8clQs1ysDFTLt%2B7FuGtX0xB9tIq3Ahuzdc8Aso5BVhBOhjBgh3HQJ9YgdtM%3D"}],"group":"cf-nel","max_age":604800}
1 < Server: cloudflare
1 < Set-Cookie: __cfduid=de72837581eebf12b36c2614e8fbdca301613109917; expires=Sun, 14-Mar-21 06:05:17 GMT; path=/; domain=.reqres.in; HttpOnly; SameSite=Lax; Secure
1 < Transfer-Encoding: chunked
1 < Vary: Accept-Encoding
1 < Via: 1.1 vegur
1 < X-Powered-By: Express
1 < cf-request-id: 0836710fd30000e247b625e000000001
{"data":{"id":2,"email":"janet.weaver@reqres.in","first_name":"Janet","last_name":"Weaver","avatar":"https://reqres.in/img/faces/2-image.jpg"},"support":{"url":"https://reqres.in/#support-heading","text":"To keep ReqRes free, contributions towards server costs are appreciated!"}}

11:35:18.408 [print] File ===> {
  "data": {
    "last_name": "Weaver",
    "id": 2,
    "avatar": "https://reqres.in/img/faces/2-image.jpg",
    "first_name": "Janet",
    "email": "janet.weaver@reqres.in"
  },
  "support": {
    "text": "To keep ReqRes free, contributions towards server costs are appreciated!",
    "url": "https://reqres.in/#support-heading"
  }
}



11:06:30.369 karate.env system property was:  
11:06:30.370 [print] ============ This is Background===============
11:06:30.372 request:
1 > GET https://reqres.in/api/users/2
1 > Accept: application/json
1 > Accept-Encoding: gzip,deflate
1 > Connection: Keep-Alive
1 > Host: reqres.in
1 > User-Agent: Apache-HttpClient/4.5.12 (Java/11.0.10)

11:06:30.547 response time in milliseconds: 174.12
1 < 200
1 < Access-Control-Allow-Origin: *
1 < Age: 1884
1 < CF-Cache-Status: HIT
1 < CF-RAY: 6203f3caaee81ac8-SIN
1 < Cache-Control: max-age=14400
1 < Connection: keep-alive
1 < Content-Type: application/json; charset=utf-8
1 < Date: Fri, 12 Feb 2021 05:36:29 GMT
1 < Etag: W/"118-pbdwwFo9SKNhD3Lx5iHJyngpq00"
1 < Expect-CT: max-age=604800, report-uri="https://report-uri.cloudflare.com/cdn-cgi/beacon/expect-ct"
1 < NEL: {"max_age":604800,"report_to":"cf-nel"}
1 < Report-To: {"endpoints":[{"url":"https:\/\/a.nel.cloudflare.com\/report?s=50XP%2BIrNMI2HNfXr6KeuqZNWxY9JwmOYqiIN4oMNOSkZ9wmc5lyDZBd%2BdTXcXgTYwsfaF5%2B3NZpskT6Gt2L6yMf2TLNKssTVXaY%3D"}],"group":"cf-nel","max_age":604800}
1 < Server: cloudflare
1 < Set-Cookie: __cfduid=dc925abb2ad12193e1d032bc6a136c76b1613108189; expires=Sun, 14-Mar-21 05:36:29 GMT; path=/; domain=.reqres.in; HttpOnly; SameSite=Lax; Secure
1 < Transfer-Encoding: chunked
1 < Vary: Accept-Encoding
1 < Via: 1.1 vegur
1 < X-Powered-By: Express
1 < cf-request-id: 083656b2a400001ac8a8a22000000001
{"data":{"id":2,"email":"janet.weaver@reqres.in","first_name":"Janet","last_name":"Weaver","avatar":"https://reqres.in/img/faces/2-image.jpg"},"support":{"url":"https://reqres.in/#support-heading","text":"To keep ReqRes free, contributions towards server costs are appreciated!"}}

11:06:30.552 [print] File ===> {
  "data": {
    "last_name": "Weaver",
    "id": 2,
    "avatar": "https://reqres.in/img/faces/2-image.jpg",
    "first_name": "Janet",
    "email": "janet.weaver@reqres.in"
  },
  "support": {
    "text": "To keep ReqRes free, contributions towards server costs are appreciated!",
    "url": "https://reqres.in/#support-heading"
  }
}

e in milliseconds: 171.41
1 < 200
1 < Access-Control-Allow-Origin: *
1 < Age: 6196
1 < CF-Cache-Status: HIT
1 < CF-RAY: 61f5c625991d018f-SIN
1 < Cache-Control: max-age=14400
1 < Connection: keep-alive
1 < Content-Type: application/json; charset=utf-8
1 < Date: Wed, 10 Feb 2021 12:18:39 GMT
1 < Etag: W/"118-pbdwwFo9SKNhD3Lx5iHJyngpq00"
1 < Expect-CT: max-age=604800, report-uri="https://report-uri.cloudflare.com/cdn-cgi/beacon/expect-ct"
1 < NEL: {"report_to":"cf-nel","max_age":604800}
1 < Report-To: {"max_age":604800,"endpoints":[{"url":"https:\/\/a.nel.cloudflare.com\/report?s=48PI1Q4GMD%2BTpmxplejl9vyqJ2PlBp%2BgNsEACkP3dD%2FmRRLDBFHFNjPTeybfXi%2BnwGNO%2Btr8Y56h4yu40Yur3tTEY%2BRd17UWA2Q%3D"}],"group":"cf-nel"}
1 < Server: cloudflare
1 < Set-Cookie: __cfduid=d3b4a5a51fa3ba5ad833a82d423ba57f61612959519; expires=Fri, 12-Mar-21 12:18:39 GMT; path=/; domain=.reqres.in; HttpOnly; SameSite=Lax; Secure
1 < Transfer-Encoding: chunked
1 < Vary: Accept-Encoding
1 < Via: 1.1 vegur
1 < X-Powered-By: Express
1 < cf-request-id: 082d7a2b7f0000018f98b33000000001
{"data":{"id":2,"email":"janet.weaver@reqres.in","first_name":"Janet","last_name":"Weaver","avatar":"https://reqres.in/img/faces/2-image.jpg"},"support":{"url":"https://reqres.in/#support-heading","text":"To keep ReqRes free, contributions towards server costs are appreciated!"}}

17:48:39.606 [print] {
  "data": {
    "last_name": "Weaver",
    "id": 2,
    "avatar": "https://reqres.in/img/faces/2-image.jpg",
    "first_name": "Janet",
    "email": "janet.weaver@reqres.in"
  },
  "support": {
    "text": "To keep ReqRes free, contributions towards server costs are appreciated!",
    "url": "https://reqres.in/#support-heading"
  }
}

17:48:39.615 karate.env system property was:  
17:48:39.616 [print] ============ This is Background===============
17:48:39.617 request:
1 > GET https://reqres.in/api/users/2
1 > Accept: application/json
1 > Accept-Encoding: gzip,deflate
1 > Connection: Keep-Alive
1 > Host: reqres.in
1 > User-Agent: Apache-HttpClient/4.5.12 (Java/11.0.10)

17:48:39.776 response time in milliseconds: 157.77
1 < 200
1 < Access-Control-Allow-Origin: *
1 < Age: 6196
1 < CF-Cache-Status: HIT
1 < CF-RAY: 61f5c626affd1a1d-SIN
1 < Cache-Control: max-age=14400
1 < Connection: keep-alive
1 < Content-Type: application/json; charset=utf-8
1 < Date: Wed, 10 Feb 2021 12:18:39 GMT
1 < Etag: W/"118-pbdwwFo9SKNhD3Lx5iHJyngpq00"
1 < Expect-CT: max-age=604800, report-uri="https://report-uri.cloudflare.com/cdn-cgi/beacon/expect-ct"
1 < NEL: {"report_to":"cf-nel","max_age":604800}
1 < Report-To: {"max_age":604800,"group":"cf-nel","endpoints":[{"url":"https:\/\/a.nel.cloudflare.com\/report?s=Dwd0BMmjlbxmmj1IfwBf9ZndUyl20Gj3Jt0NnajuPSCHsSynbYucKxL9qGUUh%2BzEVgHB7xp069COoyx1ehmIp8fr7%2BZFeGkhQuI%3D"}]}
1 < Server: cloudflare
1 < Set-Cookie: __cfduid=de9aa3c060ed8c3da7de4eeb141ad3b261612959519; expires=Fri, 12-Mar-21 12:18:39 GMT; path=/; domain=.reqres.in; HttpOnly; SameSite=Lax; Secure
1 < Transfer-Encoding: chunked
1 < Vary: Accept-Encoding
1 < Via: 1.1 vegur
1 < X-Powered-By: Express
1 < cf-request-id: 082d7a2c2600001a1de99a3000000001
{"data":{"id":2,"email":"janet.weaver@reqres.in","first_name":"Janet","last_name":"Weaver","avatar":"https://reqres.in/img/faces/2-image.jpg"},"support":{"url":"https://reqres.in/#support-heading","text":"To keep ReqRes free, contributions towards server costs are appreciated!"}}

17:48:39.778 [print] {
  "data": {
    "last_name": "Weaver",
    "id": 2,
    "avatar": "https://reqres.in/img/faces/2-image.jpg",
    "first_name": "Janet",
    "email": "janet.weaver@reqres.in"
  },
  "support": {
    "text": "To keep ReqRes free, contributions towards server costs are appreciated!",
    "url": "https://reqres.in/#support-heading"
  }
}

17:48:39.802 karate.env system property was:  
17:48:39.803 [print] ============ This is Background===============
17:48:39.813 request:
1 > GET https://reqres.in/api/users%3Fpage=2
1 > Accept: application/json
1 > Accept-Encoding: gzip,deflate
1 > Connection: Keep-Alive
1 > Host: reqres.in
1 > User-Agent: Apache-HttpClient/4.5.12 (Java/11.0.10)

17:48:39.994 response time in milliseconds: 178.79
1 < 200
1 < Access-Control-Allow-Origin: *
1 < Age: 62
1 < CF-Cache-Status: HIT
1 < CF-RAY: 61f5c627eff5c327-SIN
1 < Cache-Control: max-age=14400
1 < Connection: keep-alive
1 < Content-Type: application/json; charset=utf-8
1 < Date: Wed, 10 Feb 2021 12:18:40 GMT
1 < Etag: W/"2c1-N6Rqerxquq2kgQhL51EiSg4x0R8"
1 < Expect-CT: max-age=604800, report-uri="https://report-uri.cloudflare.com/cdn-cgi/beacon/expect-ct"
1 < NEL: {"report_to":"cf-nel","max_age":604800}
1 < Report-To: {"group":"cf-nel","endpoints":[{"url":"https:\/\/a.nel.cloudflare.com\/report?s=x1O63p1nuyW9U4jpTqTclq9bhms%2FiuPbDo5ycxq%2Bunp1cZg9kcuT6ORmR%2Blwn5uwXNHcKqs%2BKO4TxCOq0NJ40nVGzcK79ocg5%2B8%3D"}],"max_age":604800}
1 < Server: cloudflare
1 < Set-Cookie: __cfduid=d75f65c8256e435181a6a41cb6ae3a6281612959520; expires=Fri, 12-Mar-21 12:18:40 GMT; path=/; domain=.reqres.in; HttpOnly; SameSite=Lax; Secure
1 < Transfer-Encoding: chunked
1 < Vary: Accept-Encoding
1 < Via: 1.1 vegur
1 < X-Powered-By: Express
1 < cf-request-id: 082d7a2cee0000c3278186e000000001
{"page":1,"per_page":6,"total":12,"total_pages":2,"data":[{"id":1,"name":"cerulean","year":2000,"color":"#98B2D1","pantone_value":"15-4020"},{"id":2,"name":"fuchsia rose","year":2001,"color":"#C74375","pantone_value":"17-2031"},{"id":3,"name":"true red","year":2002,"color":"#BF1932","pantone_value":"19-1664"},{"id":4,"name":"aqua sky","year":2003,"color":"#7BC4C4","pantone_value":"14-4811"},{"id":5,"name":"tigerlily","year":2004,"color":"#E2583E","pantone_value":"17-1456"},{"id":6,"name":"blue turquoise","year":2005,"color":"#53B0AE","pantone_value":"15-5217"}],"support":{"url":"https://reqres.in/#support-heading","text":"To keep ReqRes free, contributions towards server costs are appreciated!"}}

17:48:39.996 [print] {
  "per_page": 6,
  "total": 12,
  "data": [
    {
      "color": "#98B2D1",
      "year": 2000,
      "name": "cerulean",
      "id": 1,
      "pantone_value": "15-4020"
    },
    {
      "color": "#C74375",
      "year": 2001,
      "name": "fuchsia rose",
      "id": 2,
      "pantone_value": "17-2031"
    },
    {
      "color": "#BF1932",
      "year": 2002,
      "name": "true red",
      "id": 3,
      "pantone_value": "19-1664"
    },
    {
      "color": "#7BC4C4",
      "year": 2003,
      "name": "aqua sky",
      "id": 4,
      "pantone_value": "14-4811"
    },
    {
      "color": "#E2583E",
      "year": 2004,
      "name": "tigerlily",
      "id": 5,
      "pantone_value": "17-1456"
    },
    {
      "color": "#53B0AE",
      "year": 2005,
      "name": "blue turquoise",
      "id": 6,
      "pantone_value": "15-5217"
    }
  ],
  "page": 1,
  "total_pages": 2,
  "support": {
    "text": "To keep ReqRes free, contributions towards server costs are appreciated!",
    "url": "https://reqres.in/#support-heading"
  }
}

17:48:40.033 karate.env system property was:  
17:48:40.033 [print] ============ This is Background===============
17:48:40.035 request:
1 > GET https://reqres.in/api/users%3Fpage=2
1 > Accept: application/json
1 > Accept-Encoding: gzip,deflate
1 > Connection: Keep-Alive
1 > Host: reqres.in
1 > User-Agent: Apache-HttpClient/4.5.12 (Java/11.0.10)

17:48:40.205 response time in milliseconds: 169.18
1 < 200
1 < Access-Control-Allow-Origin: *
1 < Age: 62
1 < CF-Cache-Status: HIT
1 < CF-RAY: 61f5c6295b58dd2a-SIN
1 < Cache-Control: max-age=14400
1 < Connection: keep-alive
1 < Content-Type: application/json; charset=utf-8
1 < Date: Wed, 10 Feb 2021 12:18:40 GMT
1 < Etag: W/"2c1-N6Rqerxquq2kgQhL51EiSg4x0R8"
1 < Expect-CT: max-age=604800, report-uri="https://report-uri.cloudflare.com/cdn-cgi/beacon/expect-ct"
1 < NEL: {"report_to":"cf-nel","max_age":604800}
1 < Report-To: {"max_age":604800,"endpoints":[{"url":"https:\/\/a.nel.cloudflare.com\/report?s=agRmxeWnT23IeTvVWMPQKPYxKrA6ihY3yOPMrQunct1pBG%2BSdwNoyBAbhABv5c2IjpxsmwfKFN5jUn6thlcYIn4auzq%2BzXwp3jI%3D"}],"group":"cf-nel"}
1 < Server: cloudflare
1 < Set-Cookie: __cfduid=d0312d14934e53dce660131a37a74ed701612959520; expires=Fri, 12-Mar-21 12:18:40 GMT; path=/; domain=.reqres.in; HttpOnly; SameSite=Lax; Secure
1 < Transfer-Encoding: chunked
1 < Vary: Accept-Encoding
1 < Via: 1.1 vegur
1 < X-Powered-By: Express
1 < cf-request-id: 082d7a2dd40000dd2abf3cb000000001
{"page":1,"per_page":6,"total":12,"total_pages":2,"data":[{"id":1,"name":"cerulean","year":2000,"color":"#98B2D1","pantone_value":"15-4020"},{"id":2,"name":"fuchsia rose","year":2001,"color":"#C74375","pantone_value":"17-2031"},{"id":3,"name":"true red","year":2002,"color":"#BF1932","pantone_value":"19-1664"},{"id":4,"name":"aqua sky","year":2003,"color":"#7BC4C4","pantone_value":"14-4811"},{"id":5,"name":"tigerlily","year":2004,"color":"#E2583E","pantone_value":"17-1456"},{"id":6,"name":"blue turquoise","year":2005,"color":"#53B0AE","pantone_value":"15-5217"}],"support":{"url":"https://reqres.in/#support-heading","text":"To keep ReqRes free, contributions towards server costs are appreciated!"}}

17:48:40.207 [print] {
  "per_page": 6,
  "total": 12,
  "data": [
    {
      "color": "#98B2D1",
      "year": 2000,
      "name": "cerulean",
      "id": 1,
      "pantone_value": "15-4020"
    },
    {
      "color": "#C74375",
      "year": 2001,
      "name": "fuchsia rose",
      "id": 2,
      "pantone_value": "17-2031"
    },
    {
      "color": "#BF1932",
      "year": 2002,
      "name": "true red",
      "id": 3,
      "pantone_value": "19-1664"
    },
    {
      "color": "#7BC4C4",
      "year": 2003,
      "name": "aqua sky",
      "id": 4,
      "pantone_value": "14-4811"
    },
    {
      "color": "#E2583E",
      "year": 2004,
      "name": "tigerlily",
      "id": 5,
      "pantone_value": "17-1456"
    },
    {
      "color": "#53B0AE",
      "year": 2005,
      "name": "blue turquoise",
      "id": 6,
      "pantone_value": "15-5217"
    }
  ],
  "page": 1,
  "total_pages": 2,
  "support": {
    "text": "To keep ReqRes free, contributions towards server costs are appreciated!",
    "url": "https://reqres.in/#support-heading"
  }
}

17:48:40.250 karate.env system property was:  
17:48:40.251 [print] ============ This is Background===============
17:48:40.257 request:
1 > GET https://reqres.in/api/unknown
1 > Accept: application/json
1 > Accept-Encoding: gzip,deflate
1 > Connection: Keep-Alive
1 > Host: reqres.in
1 > User-Agent: Apache-HttpClient/4.5.12 (Java/11.0.10)

17:48:40.411 response time in milliseconds: 152.18
1 < 200
1 < Access-Control-Allow-Origin: *
1 < Age: 2195
1 < CF-Cache-Status: HIT
1 < CF-RAY: 61f5c62a9ff118c2-SIN
1 < Cache-Control: max-age=14400
1 < Connection: keep-alive
1 < Content-Type: application/json; charset=utf-8
1 < Date: Wed, 10 Feb 2021 12:18:40 GMT
1 < Etag: W/"2c1-N6Rqerxquq2kgQhL51EiSg4x0R8"
1 < Expect-CT: max-age=604800, report-uri="https://report-uri.cloudflare.com/cdn-cgi/beacon/expect-ct"
1 < NEL: {"report_to":"cf-nel","max_age":604800}
1 < Report-To: {"group":"cf-nel","max_age":604800,"endpoints":[{"url":"https:\/\/a.nel.cloudflare.com\/report?s=UVIpRIfeZLXTVY3g9E%2B0yzve%2BS8kkVj%2BLxd0fNqNGZM1ZSXesIzODV9te9rR6Rv2oBDAOvh3%2BXQD0dnTsMJZ28SPQV3AOqf3pMw%3D"}]}
1 < Server: cloudflare
1 < Set-Cookie: __cfduid=d7fce5cc7fb68e81b7f0fbe8ad9670ab31612959520; expires=Fri, 12-Mar-21 12:18:40 GMT; path=/; domain=.reqres.in; HttpOnly; SameSite=Lax; Secure
1 < Transfer-Encoding: chunked
1 < Vary: Accept-Encoding
1 < Via: 1.1 vegur
1 < X-Powered-By: Express
1 < cf-request-id: 082d7a2ea3000018c2abb81000000001
{"page":1,"per_page":6,"total":12,"total_pages":2,"data":[{"id":1,"name":"cerulean","year":2000,"color":"#98B2D1","pantone_value":"15-4020"},{"id":2,"name":"fuchsia rose","year":2001,"color":"#C74375","pantone_value":"17-2031"},{"id":3,"name":"true red","year":2002,"color":"#BF1932","pantone_value":"19-1664"},{"id":4,"name":"aqua sky","year":2003,"color":"#7BC4C4","pantone_value":"14-4811"},{"id":5,"name":"tigerlily","year":2004,"color":"#E2583E","pantone_value":"17-1456"},{"id":6,"name":"blue turquoise","year":2005,"color":"#53B0AE","pantone_value":"15-5217"}],"support":{"url":"https://reqres.in/#support-heading","text":"To keep ReqRes free, contributions towards server costs are appreciated!"}}

17:48:40.413 [print] {
  "per_page": 6,
  "total": 12,
  "data": [
    {
      "color": "#98B2D1",
      "year": 2000,
      "name": "cerulean",
      "id": 1,
      "pantone_value": "15-4020"
    },
    {
      "color": "#C74375",
      "year": 2001,
      "name": "fuchsia rose",
      "id": 2,
      "pantone_value": "17-2031"
    },
    {
      "color": "#BF1932",
      "year": 2002,
      "name": "true red",
      "id": 3,
      "pantone_value": "19-1664"
    },
    {
      "color": "#7BC4C4",
      "year": 2003,
      "name": "aqua sky",
      "id": 4,
      "pantone_value": "14-4811"
    },
    {
      "color": "#E2583E",
      "year": 2004,
      "name": "tigerlily",
      "id": 5,
      "pantone_value": "17-1456"
    },
    {
      "color": "#53B0AE",
      "year": 2005,
      "name": "blue turquoise",
      "id": 6,
      "pantone_value": "15-5217"
    }
  ],
  "page": 1,
  "total_pages": 2,
  "support": {
    "text": "To keep ReqRes free, contributions towards server costs are appreciated!",
    "url": "https://reqres.in/#support-heading"
  }
}

17:48:40.449 assertion failed: path: $.data[0].name, actual: 'cerulean', expected: ' #[6] #string? _.length >=1', reason: not equal
xpected: ' #[6] #string? _.length >=1', reason: actual value is not a string
